<?xml version="1.0" encoding="UTF-8"?>
<!-- Generated by org.testng.reporters.JUnitXMLReporter -->
<testsuite ignored="0" hostname="DESKTOP-VPHKA9B" failures="1" tests="1" name="Surefire test" time="34.75" errors="0" timestamp="2024-02-10T09:35:37 EET">
  <testcase classname="com.example.teamcity.ui.SetupTest" name="startUpTest" time="31.422">
    <failure type="com.codeborne.selenide.ex.ElementNotFound" message="Element not found {By.id: proceedButton}
Expected: clickable: interactable and enabled
Screenshot: file:/C:/Users/Marina/AquaProjects/teamcity-testing-framework/target/surefire-reports/1707550536573.0.png
Page source: file:/C:/Users/Marina/AquaProjects/teamcity-testing-framework/target/surefire-reports/1707550536573.0.html
Timeout: 4 s.
Caused by: NoSuchElementException: Unable to locate element: #proceedButton">
      <![CDATA[Element not found {By.id: proceedButton}
Expected: clickable: interactable and enabled
Screenshot: file:/C:/Users/Marina/AquaProjects/teamcity-testing-framework/target/surefire-reports/1707550536573.0.png
Page source: file:/C:/Users/Marina/AquaProjects/teamcity-testing-framework/target/surefire-reports/1707550536573.0.html
Timeout: 4 s.
Caused by: NoSuchElementException: Unable to locate element: #proceedButton
at com.codeborne.selenide.impl.WebElementSource.createElementNotFoundError(WebElementSource.java:91)
at com.codeborne.selenide.impl.ElementFinder.createElementNotFoundError(ElementFinder.java:142)
at com.codeborne.selenide.impl.WebElementSource.handleError(WebElementSource.java:143)
at com.codeborne.selenide.impl.WebElementSource.checkConditionAndReturnElement(WebElementSource.java:127)
at com.codeborne.selenide.impl.WebElementSource.findAndAssertElementIsClickable(WebElementSource.java:173)
at com.codeborne.selenide.commands.Click.findElement(Click.java:46)
at com.codeborne.selenide.commands.Click.execute(Click.java:28)
at com.codeborne.selenide.commands.Click.execute(Click.java:21)
at com.codeborne.selenide.commands.Commands.execute(Commands.java:161)
at com.codeborne.selenide.impl.SelenideElementProxy.dispatchAndRetry(SelenideElementProxy.java:132)
at com.codeborne.selenide.impl.SelenideElementProxy.invoke(SelenideElementProxy.java:84)
at jdk.proxy2/jdk.proxy2.$Proxy30.click(Unknown Source)
at com.example.teamcity.ui.pages.StartUpPage.setupTeamCityServer(StartUpPage.java:43)
at com.example.teamcity.ui.SetupTest.startUpTest(SetupTest.java:12)
at java.base/java.util.ArrayList.forEach(ArrayList.java:1511)
Caused by: org.openqa.selenium.NoSuchElementException: Unable to locate element: #proceedButton
For documentation on this error, please visit: https://www.selenium.dev/documentation/webdriver/troubleshooting/errors#no-such-element-exception
Build info: version: '4.13.0', revision: 'ba948ece5b*'
System info: os.name: 'Windows 10', os.arch: 'amd64', os.version: '10.0', java.version: '17.0.7'
Driver info: org.openqa.selenium.remote.RemoteWebDriver
Command: [69b58052-890f-44f2-8627-7b1f6ad725d1, findElement {using=id, value=proceedButton}]
Capabilities {acceptInsecureCerts: true, browserName: firefox, browserVersion: 89.0, moz:accessibilityChecks: false, moz:buildID: 20210527174632, moz:debuggerAddress: localhost:46135, moz:geckodriverVersion: 0.29.1, moz:headless: false, moz:processID: 98, moz:profile: /tmp/rust_mozprofile5ghfFA, moz:shutdownTimeout: 60000, moz:useNonSpecCompliantPointerOrigin: false, moz:webdriverClick: true, pageLoadStrategy: normal, platformName: linux, platformVersion: 5.15.133.1-microsoft-standa..., se:cdp: ws://192.168.1.147:4444/dev..., setWindowRect: true, strictFileInteractability: false, timeouts: {implicit: 0, pageLoad: 300000, script: 30000}, unhandledPromptBehavior: accept}
Session ID: 69b58052-890f-44f2-8627-7b1f6ad725d1
at org.openqa.selenium.remote.codec.w3c.W3CHttpResponseCodec.createException(W3CHttpResponseCodec.java:200)
at org.openqa.selenium.remote.codec.w3c.W3CHttpResponseCodec.decode(W3CHttpResponseCodec.java:133)
at org.openqa.selenium.remote.codec.w3c.W3CHttpResponseCodec.decode(W3CHttpResponseCodec.java:52)
at org.openqa.selenium.remote.HttpCommandExecutor.execute(HttpCommandExecutor.java:191)
at org.openqa.selenium.remote.RemoteWebDriver.execute(RemoteWebDriver.java:602)
at org.openqa.selenium.remote.ElementLocation$ElementFinder$2.findElement(ElementLocation.java:165)
at org.openqa.selenium.remote.ElementLocation.findElement(ElementLocation.java:59)
at org.openqa.selenium.remote.RemoteWebDriver.findElement(RemoteWebDriver.java:359)
at org.openqa.selenium.remote.RemoteWebDriver.findElement(RemoteWebDriver.java:353)
at com.codeborne.selenide.impl.WebElementSelector.findElement(WebElementSelector.java:70)
at com.codeborne.selenide.impl.WebElementSelector.findElement(WebElementSelector.java:44)
at com.codeborne.selenide.impl.WebElementSelector.findElement(WebElementSelector.java:33)
at com.codeborne.selenide.impl.ElementFinder.getWebElement(ElementFinder.java:122)
at com.codeborne.selenide.impl.WebElementSource.checkConditionAndReturnElement(WebElementSource.java:116)
... 43 more
... Removed 37 stack frames]]>
    </failure>
  </testcase> <!-- startUpTest -->
</testsuite> <!-- Surefire test -->
